<?xml version="1.0" encoding="UTF-8"?>
<testng-results ignored="0" total="1" passed="1" failed="0" skipped="0">
  <reporter-output>
  </reporter-output>
  <suite started-at="2021-08-12T04:02:03Z" name="Default suite" finished-at="2021-08-12T04:02:08Z" duration-ms="5327">
    <groups>
    </groups>
    <test started-at="2021-08-12T04:02:03Z" name="Default test" finished-at="2021-08-12T04:02:08Z" duration-ms="5327">
      <class name="com.mainClass.addPlaceAPIAutomation">
        <test-method signature="addPlace()[pri:0, instance:com.mainClass.addPlaceAPIAutomation@41294f8]" started-at="2021-08-12T04:02:03Z" name="addPlace" finished-at="2021-08-12T04:02:08Z" duration-ms="5314" status="PASS">
          <reporter-output>
          </reporter-output>
        </test-method> <!-- addPlace -->
      </class> <!-- com.mainClass.addPlaceAPIAutomation -->
    </test> <!-- Default test -->
  </suite> <!-- Default suite -->
</testng-results>
